::1 - - [29/Nov/2017:12:55:51 -0200] "GET / HTTP/1.1" 200 547
::1 - - [29/Nov/2017:12:55:51 -0200] "GET /favicon.ico HTTP/1.1" 404 209
::1 - - [29/Nov/2017:12:56:09 -0200] "GET /crud-bootstrap-php/ HTTP/1.1" 200 3119
::1 - - [29/Nov/2017:12:56:09 -0200] "GET /crud-bootstrap-php/css/bootstrap.min.css HTTP/1.1" 304 -
::1 - - [29/Nov/2017:12:56:09 -0200] "GET /crud-bootstrap-php/css/style.css HTTP/1.1" 404 230
::1 - - [29/Nov/2017:12:56:09 -0200] "GET /crud-bootstrap-php/js/bootstrap.min.js HTTP/1.1" 304 -
::1 - - [29/Nov/2017:12:56:09 -0200] "GET /crud-bootstrap-php/js/main.js HTTP/1.1" 304 -
::1 - - [29/Nov/2017:12:56:09 -0200] "GET /crud-bootstrap-php/images/logo3.png HTTP/1.1" 304 -
::1 - - [29/Nov/2017:12:56:13 -0200] "GET /crud-bootstrap-php/customers/ HTTP/1.1" 200 4090
::1 - - [29/Nov/2017:12:56:13 -0200] "GET /crud-bootstrap-php/css/style.css HTTP/1.1" 404 230
::1 - - [29/Nov/2017:12:56:13 -0200] "GET /crud-bootstrap-php/customers/images/logo3.png HTTP/1.1" 404 243
::1 - - [29/Nov/2017:12:56:14 -0200] "GET /crud-bootstrap-php/customers/view.php?id=1 HTTP/1.1" 200 3377
::1 - - [29/Nov/2017:12:56:14 -0200] "GET /crud-bootstrap-php/css/style.css HTTP/1.1" 404 230
::1 - - [29/Nov/2017:12:56:14 -0200] "GET /crud-bootstrap-php/customers/images/logo3.png HTTP/1.1" 404 243
::1 - - [29/Nov/2017:12:58:10 -0200] "GET /crud-bootstrap-php/customers/ HTTP/1.1" 200 4090
::1 - - [29/Nov/2017:12:58:10 -0200] "GET /crud-bootstrap-php/css/style.css HTTP/1.1" 404 230
::1 - - [29/Nov/2017:12:58:10 -0200] "GET /crud-bootstrap-php/customers/images/logo3.png HTTP/1.1" 404 243
::1 - - [29/Nov/2017:13:14:11 -0200] "GET /crud-bootstrap-php/ HTTP/1.1" 200 2503
::1 - - [29/Nov/2017:13:14:11 -0200] "GET /crud-bootstrap-php/css/style.css HTTP/1.1" 404 230
::1 - - [29/Nov/2017:13:15:02 -0200] "GET /crud-bootstrap-php/ HTTP/1.1" 200 2503
::1 - - [29/Nov/2017:13:15:02 -0200] "GET /crud-bootstrap-php/css/style.css HTTP/1.1" 404 230
::1 - - [29/Nov/2017:13:18:13 -0200] "GET /crud-bootstrap-php/ HTTP/1.1" 200 2503
::1 - - [29/Nov/2017:13:18:13 -0200] "GET /crud-bootstrap-php/css/style.css HTTP/1.1" 404 230
::1 - - [29/Nov/2017:13:18:15 -0200] "GET /crud-bootstrap-php/ HTTP/1.1" 200 2503
::1 - - [29/Nov/2017:13:18:15 -0200] "GET /crud-bootstrap-php/css/style.css HTTP/1.1" 404 230
::1 - - [29/Nov/2017:13:18:16 -0200] "GET /crud-bootstrap-php/ HTTP/1.1" 200 2503
::1 - - [29/Nov/2017:13:18:16 -0200] "GET /crud-bootstrap-php/css/style.css HTTP/1.1" 404 230
::1 - - [29/Nov/2017:13:20:16 -0200] "GET /crud-bootstrap-php/ HTTP/1.1" 200 2413
::1 - - [29/Nov/2017:13:20:16 -0200] "GET /crud-bootstrap-php/css/style.css HTTP/1.1" 404 230
::1 - - [29/Nov/2017:13:20:57 -0200] "GET /crud-bootstrap-php/ HTTP/1.1" 200 2290
::1 - - [29/Nov/2017:13:20:57 -0200] "GET /crud-bootstrap-php/css/style.css HTTP/1.1" 404 230
::1 - - [29/Nov/2017:13:21:28 -0200] "GET /crud-bootstrap-php/ HTTP/1.1" 200 2290
::1 - - [29/Nov/2017:13:21:28 -0200] "GET /crud-bootstrap-php/css/style.css HTTP/1.1" 404 230
::1 - - [29/Nov/2017:13:22:10 -0200] "GET /crud-bootstrap-php/ HTTP/1.1" 200 2288
::1 - - [29/Nov/2017:13:22:10 -0200] "GET /crud-bootstrap-php/css/style.css HTTP/1.1" 404 230
::1 - - [29/Nov/2017:13:22:11 -0200] "GET /crud-bootstrap-php/ HTTP/1.1" 200 2288
::1 - - [29/Nov/2017:13:22:11 -0200] "GET /crud-bootstrap-php/css/style.css HTTP/1.1" 404 230
::1 - - [29/Nov/2017:13:22:11 -0200] "GET /crud-bootstrap-php/ HTTP/1.1" 200 2288
::1 - - [29/Nov/2017:13:22:11 -0200] "GET /crud-bootstrap-php/css/style.css HTTP/1.1" 404 230
::1 - - [29/Nov/2017:13:22:12 -0200] "GET /crud-bootstrap-php/ HTTP/1.1" 200 2288
::1 - - [29/Nov/2017:13:22:12 -0200] "GET /crud-bootstrap-php/css/style.css HTTP/1.1" 404 230
::1 - - [29/Nov/2017:13:25:22 -0200] "GET /crud-bootstrap-php/ HTTP/1.1" 200 2288
::1 - - [29/Nov/2017:13:25:22 -0200] "GET /crud-bootstrap-php/css/style.css HTTP/1.1" 404 230
::1 - - [29/Nov/2017:13:25:22 -0200] "GET /crud-bootstrap-php/ HTTP/1.1" 200 2288
::1 - - [29/Nov/2017:13:25:22 -0200] "GET /crud-bootstrap-php/css/style.css HTTP/1.1" 404 230
::1 - - [29/Nov/2017:13:25:24 -0200] "GET /crud-bootstrap-php/ HTTP/1.1" 200 2288
::1 - - [29/Nov/2017:13:25:24 -0200] "GET /crud-bootstrap-php/css/style.css HTTP/1.1" 404 230
::1 - - [29/Nov/2017:13:25:25 -0200] "GET /crud-bootstrap-php/ HTTP/1.1" 200 2288
::1 - - [29/Nov/2017:13:25:25 -0200] "GET /crud-bootstrap-php/css/style.css HTTP/1.1" 404 230
::1 - - [29/Nov/2017:13:26:38 -0200] "GET /crud-bootstrap-php/ HTTP/1.1" 200 3400
::1 - - [29/Nov/2017:13:26:38 -0200] "GET /crud-bootstrap-php/css/style.css HTTP/1.1" 404 230
::1 - - [29/Nov/2017:13:27:23 -0200] "GET /crud-bootstrap-php/ HTTP/1.1" 200 3257
::1 - - [29/Nov/2017:13:27:23 -0200] "GET /crud-bootstrap-php/css/style.css HTTP/1.1" 404 230
::1 - - [29/Nov/2017:13:27:44 -0200] "GET /crud-bootstrap-php/ HTTP/1.1" 200 2288
::1 - - [29/Nov/2017:13:27:44 -0200] "GET /crud-bootstrap-php/css/style.css HTTP/1.1" 404 230
::1 - - [29/Nov/2017:13:28:00 -0200] "GET /crud-bootstrap-php/ HTTP/1.1" 200 3321
::1 - - [29/Nov/2017:13:28:00 -0200] "GET /crud-bootstrap-php/css/style.css HTTP/1.1" 404 230
::1 - - [29/Nov/2017:13:28:20 -0200] "GET /crud-bootstrap-php/ HTTP/1.1" 200 2288
::1 - - [29/Nov/2017:13:28:20 -0200] "GET /crud-bootstrap-php/css/style.css HTTP/1.1" 404 230
::1 - - [29/Nov/2017:13:30:16 -0200] "GET /crud-bootstrap-php/ HTTP/1.1" 200 2288
::1 - - [29/Nov/2017:13:30:16 -0200] "GET /crud-bootstrap-php/css/style.css HTTP/1.1" 404 230
::1 - - [29/Nov/2017:13:30:19 -0200] "GET /crud-bootstrap-php/ HTTP/1.1" 200 2288
::1 - - [29/Nov/2017:13:30:19 -0200] "GET /crud-bootstrap-php/css/style.css HTTP/1.1" 404 230
::1 - - [29/Nov/2017:13:30:19 -0200] "GET /crud-bootstrap-php/ HTTP/1.1" 200 2288
::1 - - [29/Nov/2017:13:30:19 -0200] "GET /crud-bootstrap-php/css/style.css HTTP/1.1" 404 230
::1 - - [29/Nov/2017:13:30:19 -0200] "GET /crud-bootstrap-php/ HTTP/1.1" 200 2288
::1 - - [29/Nov/2017:13:30:19 -0200] "GET /crud-bootstrap-php/css/style.css HTTP/1.1" 404 230
::1 - - [29/Nov/2017:13:30:19 -0200] "GET /crud-bootstrap-php/ HTTP/1.1" 200 2288
::1 - - [29/Nov/2017:13:30:19 -0200] "GET /crud-bootstrap-php/css/style.css HTTP/1.1" 404 230
::1 - - [29/Nov/2017:13:30:20 -0200] "GET /crud-bootstrap-php/ HTTP/1.1" 200 2288
::1 - - [29/Nov/2017:13:30:20 -0200] "GET /crud-bootstrap-php/css/style.css HTTP/1.1" 404 230
::1 - - [29/Nov/2017:13:30:44 -0200] "GET /crud-bootstrap-php/ HTTP/1.1" 200 2288
::1 - - [29/Nov/2017:13:30:44 -0200] "GET /crud-bootstrap-php/css/style.css HTTP/1.1" 404 230
::1 - - [29/Nov/2017:13:30:45 -0200] "GET /crud-bootstrap-php/ HTTP/1.1" 200 2288
::1 - - [29/Nov/2017:13:30:45 -0200] "GET /crud-bootstrap-php/css/style.css HTTP/1.1" 404 230
::1 - - [29/Nov/2017:13:30:47 -0200] "GET /crud-bootstrap-php/ HTTP/1.1" 200 2288
::1 - - [29/Nov/2017:13:30:47 -0200] "GET /crud-bootstrap-php/css/style.css HTTP/1.1" 404 230
::1 - - [29/Nov/2017:13:30:47 -0200] "GET /crud-bootstrap-php/ HTTP/1.1" 200 2288
::1 - - [29/Nov/2017:13:30:47 -0200] "GET /crud-bootstrap-php/css/style.css HTTP/1.1" 404 230
::1 - - [29/Nov/2017:13:30:48 -0200] "GET /crud-bootstrap-php/ HTTP/1.1" 200 2288
::1 - - [29/Nov/2017:13:30:48 -0200] "GET /crud-bootstrap-php/css/style.css HTTP/1.1" 404 230
::1 - - [29/Nov/2017:13:30:48 -0200] "GET /crud-bootstrap-php/ HTTP/1.1" 200 2288
::1 - - [29/Nov/2017:13:30:48 -0200] "GET /crud-bootstrap-php/css/style.css HTTP/1.1" 404 230
::1 - - [29/Nov/2017:13:30:48 -0200] "GET /crud-bootstrap-php/ HTTP/1.1" 200 2288
::1 - - [29/Nov/2017:13:30:48 -0200] "GET /crud-bootstrap-php/css/style.css HTTP/1.1" 404 230
::1 - - [29/Nov/2017:13:30:51 -0200] "GET /crud-bootstrap-php/ HTTP/1.1" 200 2288
::1 - - [29/Nov/2017:13:30:51 -0200] "GET /crud-bootstrap-php/css/style.css HTTP/1.1" 404 230
::1 - - [29/Nov/2017:13:31:01 -0200] "GET /crud-bootstrap-php/ HTTP/1.1" 200 2149
::1 - - [29/Nov/2017:13:31:01 -0200] "GET /crud-bootstrap-php/css/style.css HTTP/1.1" 404 230
::1 - - [29/Nov/2017:13:31:35 -0200] "GET /crud-bootstrap-php/ HTTP/1.1" 200 3250
::1 - - [29/Nov/2017:13:31:35 -0200] "GET /crud-bootstrap-php/css/style.css HTTP/1.1" 404 230
::1 - - [29/Nov/2017:13:33:09 -0200] "GET /crud-bootstrap-php/ HTTP/1.1" 200 3261
::1 - - [29/Nov/2017:13:33:09 -0200] "GET /crud-bootstrap-php/css/style.css HTTP/1.1" 404 230
::1 - - [29/Nov/2017:13:33:54 -0200] "GET /crud-bootstrap-php/ HTTP/1.1" 200 3280
::1 - - [29/Nov/2017:13:33:54 -0200] "GET /crud-bootstrap-php/css/style.css HTTP/1.1" 404 230
::1 - - [29/Nov/2017:13:34:20 -0200] "GET /crud-bootstrap-php/ HTTP/1.1" 200 3120
::1 - - [29/Nov/2017:13:34:20 -0200] "GET /crud-bootstrap-php/css/style.css HTTP/1.1" 404 230
::1 - - [29/Nov/2017:14:53:52 -0200] "GET /crud-bootstrap-php/ HTTP/1.1" 200 2185
::1 - - [29/Nov/2017:14:53:52 -0200] "GET /crud-bootstrap-php/css/style.css HTTP/1.1" 404 230
::1 - - [29/Nov/2017:14:54:37 -0200] "GET /crud-bootstrap-php/ HTTP/1.1" 200 3269
::1 - - [29/Nov/2017:14:54:37 -0200] "GET /crud-bootstrap-php/css/style.css HTTP/1.1" 404 230
::1 - - [29/Nov/2017:14:55:36 -0200] "GET /crud-bootstrap-php/ HTTP/1.1" 200 2316
::1 - - [29/Nov/2017:14:55:36 -0200] "GET /crud-bootstrap-php/css/style.css HTTP/1.1" 404 230
::1 - - [29/Nov/2017:14:57:19 -0200] "GET /crud-bootstrap-php/ HTTP/1.1" 200 2316
::1 - - [29/Nov/2017:14:57:19 -0200] "GET /crud-bootstrap-php/css/style.css HTTP/1.1" 404 230
::1 - - [29/Nov/2017:14:57:22 -0200] "GET /crud-bootstrap-php/ HTTP/1.1" 200 2316
::1 - - [29/Nov/2017:14:57:22 -0200] "GET /crud-bootstrap-php/css/style.css HTTP/1.1" 404 230
::1 - - [29/Nov/2017:14:58:35 -0200] "GET /crud-bootstrap-php/ HTTP/1.1" 200 3141
::1 - - [29/Nov/2017:14:58:35 -0200] "GET /crud-bootstrap-php/css/style.css HTTP/1.1" 404 230
::1 - - [29/Nov/2017:14:59:03 -0200] "GET /crud-bootstrap-php/ HTTP/1.1" 200 3139
::1 - - [29/Nov/2017:14:59:03 -0200] "GET /crud-bootstrap-php/css/style.css HTTP/1.1" 404 230
::1 - - [29/Nov/2017:14:59:40 -0200] "GET /crud-bootstrap-php/ HTTP/1.1" 200 3139
::1 - - [29/Nov/2017:14:59:41 -0200] "GET /crud-bootstrap-php/css/style.css HTTP/1.1" 404 230
::1 - - [29/Nov/2017:14:59:49 -0200] "GET /crud-bootstrap-php/ HTTP/1.1" 200 3141
::1 - - [29/Nov/2017:14:59:49 -0200] "GET /crud-bootstrap-php/css/style.css HTTP/1.1" 404 230
::1 - - [29/Nov/2017:14:59:55 -0200] "GET /crud-bootstrap-php/ HTTP/1.1" 200 3141
::1 - - [29/Nov/2017:14:59:56 -0200] "GET /crud-bootstrap-php/css/style.css HTTP/1.1" 404 230
::1 - - [29/Nov/2017:14:59:58 -0200] "GET /crud-bootstrap-php/ HTTP/1.1" 200 3141
::1 - - [29/Nov/2017:14:59:58 -0200] "GET /crud-bootstrap-php/css/style.css HTTP/1.1" 404 230
::1 - - [29/Nov/2017:17:33:42 -0200] "GET /crud-bootstrap-php/ HTTP/1.1" 200 3141
::1 - - [29/Nov/2017:17:33:48 -0200] "GET /crud-bootstrap-php/css/style.css HTTP/1.1" 404 230
::1 - - [29/Nov/2017:17:34:01 -0200] "GET /crud-bootstrap-php/customers/ HTTP/1.1" 200 4090
::1 - - [29/Nov/2017:17:34:02 -0200] "GET /crud-bootstrap-php/css/style.css HTTP/1.1" 404 230
::1 - - [29/Nov/2017:17:34:02 -0200] "GET /crud-bootstrap-php/customers/images/logo3.png HTTP/1.1" 404 243
::1 - - [29/Nov/2017:17:36:49 -0200] "GET /crud-bootstrap-php/customers/ HTTP/1.1" 200 4110
::1 - - [29/Nov/2017:17:36:49 -0200] "GET /crud-bootstrap-php/css/style.css HTTP/1.1" 404 230
::1 - - [29/Nov/2017:17:36:52 -0200] "GET /crud-bootstrap-php/customers/ HTTP/1.1" 200 4110
::1 - - [29/Nov/2017:17:36:52 -0200] "GET /crud-bootstrap-php/css/style.css HTTP/1.1" 404 230
::1 - - [29/Nov/2017:18:08:29 -0200] "GET /phpmyadmin/ HTTP/1.1" 200 8548
::1 - - [29/Nov/2017:18:08:37 -0200] "GET /phpmyadmin/js/messages.php?lang=pt&db=&server=0&collation_connection=utf8_general_ci&token=d396e463260b046fe5687e78b9da5f31 HTTP/1.1" 200 18103
::1 - - [29/Nov/2017:18:08:36 -0200] "GET /phpmyadmin/phpmyadmin.css.php?server=1&lang=pt&collation_connection=utf8_general_ci&token=eb87da82ffa76b77e935231a78dc7221&nocache=4125195912ltr HTTP/1.1" 200 88608
::1 - - [29/Nov/2017:18:08:37 -0200] "GET /phpmyadmin/js/get_image.js.php?theme=pmahomme HTTP/1.1" 200 6263
::1 - - [29/Nov/2017:18:08:37 -0200] "GET /phpmyadmin/js/get_scripts.js.php?scripts[]=jquery/jquery-1.8.3.js&scripts[]=ajax.js&scripts[]=keyhandler.js&scripts[]=jquery/jquery-ui-1.9.2.custom.js&scripts[]=jquery/jquery.sprintf.js&scripts[]=jquery/jquery.cookie.js&scripts[]=jquery/jquery.mousewheel.js&scripts[]=jquery/jquery.event.drag-2.2.js&scripts[]=jquery/jquery-ui-timepicker-addon.js&scripts[]=jquery/jquery.ba-hashchange-1.3.js&scripts[]=jquery/jquery.debounce-1.0.5.js&scripts[]=jquery/jquery.menuResizer-1.0.js&scripts[]=rte.js&scripts[]=functions.js&scripts[]=navigation.js&scripts[]=indexes.js&scripts[]=common.js&scripts[]=codemirror/lib/codemirror.js&scripts[]=codemirror/mode/mysql/mysql.js HTTP/1.1" 200 578562
::1 - - [29/Nov/2017:18:09:31 -0200] "POST /phpmyadmin/index.php HTTP/1.1" 302 -
::1 - - [29/Nov/2017:18:09:31 -0200] "GET /phpmyadmin/index.php?token=eb87da82ffa76b77e935231a78dc7221 HTTP/1.1" 200 48466
::1 - - [29/Nov/2017:18:09:33 -0200] "GET /phpmyadmin/phpmyadmin.css.php?server=1&token=eb87da82ffa76b77e935231a78dc7221&nocache=5637182084ltr HTTP/1.1" 200 88608
::1 - - [29/Nov/2017:18:09:33 -0200] "GET /phpmyadmin/js/messages.php?lang=pt&db=&server=0&token=eb87da82ffa76b77e935231a78dc7221 HTTP/1.1" 200 18103
::1 - - [29/Nov/2017:18:09:33 -0200] "GET /phpmyadmin/version_check.php?&_nocache=1511986173423610413 HTTP/1.1" 200 39
::1 - - [29/Nov/2017:18:09:36 -0200] "GET /phpmyadmin/navigation.php?ajax_request=1&token=eb87da82ffa76b77e935231a78dc7221&aPath=cm9vdA%3D%3D.d2RhX2NydWQ%3D&vPath=cm9vdA%3D%3D.d2RhX2NydWQ%3D&pos=0&pos2_name=&pos2_value=&searchClause=&searchClause2=&_nocache=151198617664919572 HTTP/1.1" 200 1350
::1 - - [29/Nov/2017:18:09:40 -0200] "GET /phpmyadmin/db_structure.php?server=1&db=wda_crud&token=eb87da82ffa76b77e935231a78dc7221&ajax_request=true&ajax_page_request=true&menuHashes=cde7a533&_nocache=1511986180631782279 HTTP/1.1" 200 12940
::1 - - [29/Nov/2017:18:09:41 -0200] "GET /phpmyadmin/js/get_scripts.js.php?scripts[]=db_structure.js&scripts[]=tbl_change.js HTTP/1.1" 200 12382
::1 - - [29/Nov/2017:18:09:42 -0200] "GET /phpmyadmin/db_sql.php?db=wda_crud&token=eb87da82ffa76b77e935231a78dc7221&db_query_force=1&ajax_request=true&ajax_page_request=true&menuHashes=cde7a533-84b2f0f7&_nocache=1511986182673252309 HTTP/1.1" 200 7237
::1 - - [29/Nov/2017:18:09:42 -0200] "GET /phpmyadmin/js/get_scripts.js.php?scripts[]=makegrid.js&scripts[]=sql.js HTTP/1.1" 200 35099
::1 - - [29/Nov/2017:18:09:44 -0200] "GET /phpmyadmin/db_structure.php?db=wda_crud&token=eb87da82ffa76b77e935231a78dc7221&ajax_request=true&ajax_page_request=true&menuHashes=cde7a533-84b2f0f7-bbbfbd07&_nocache=1511986184889111395 HTTP/1.1" 200 9698
::1 - - [29/Nov/2017:18:09:47 -0200] "GET /phpmyadmin/db_sql.php?db=wda_crud&token=eb87da82ffa76b77e935231a78dc7221&db_query_force=1&ajax_request=true&ajax_page_request=true&menuHashes=cde7a533-84b2f0f7-bbbfbd07&_nocache=1511986187955855127 HTTP/1.1" 200 3997
::1 - - [29/Nov/2017:18:09:49 -0200] "GET /phpmyadmin/index.php?token=eb87da82ffa76b77e935231a78dc7221&ajax_request=true&ajax_page_request=true&menuHashes=cde7a533-84b2f0f7-bbbfbd07&_nocache=1511986189681121366 HTTP/1.1" 200 42685
::1 - - [29/Nov/2017:18:09:49 -0200] "GET /phpmyadmin/version_check.php?&_nocache=1511986189859900585 HTTP/1.1" 200 39
::1 - - [29/Nov/2017:18:09:50 -0200] "GET /phpmyadmin/server_sql.php?db=&token=eb87da82ffa76b77e935231a78dc7221&ajax_request=true&ajax_page_request=true&menuHashes=cde7a533-84b2f0f7-bbbfbd07&_nocache=1511986190754367117 HTTP/1.1" 200 6744
::1 - - [29/Nov/2017:18:09:55 -0200] "GET /phpmyadmin/server_databases.php?db=&token=eb87da82ffa76b77e935231a78dc7221&ajax_request=true&ajax_page_request=true&menuHashes=cde7a533-84b2f0f7-bbbfbd07-6df178d4&_nocache=1511986195988880267 HTTP/1.1" 200 41812
::1 - - [29/Nov/2017:18:09:56 -0200] "GET /phpmyadmin/js/get_scripts.js.php?scripts[]=server_databases.js HTTP/1.1" 200 1818
::1 - - [29/Nov/2017:18:09:58 -0200] "GET /phpmyadmin/db_structure.php?token=eb87da82ffa76b77e935231a78dc7221&db=wda_crud&ajax_request=true&ajax_page_request=true&menuHashes=cde7a533-84b2f0f7-bbbfbd07-6df178d4-d64484bc&_nocache=1511986198564212603 HTTP/1.1" 200 9698
::1 - - [29/Nov/2017:18:10:05 -0200] "GET /phpmyadmin/sql.php?db=wda_crud&token=eb87da82ffa76b77e935231a78dc7221&goto=db_structure.php&table=customers&pos=0&ajax_request=true&ajax_page_request=true&menuHashes=cde7a533-84b2f0f7-bbbfbd07-6df178d4-d64484bc&_nocache=1511986205245413126 HTTP/1.1" 200 29284
::1 - - [29/Nov/2017:18:10:05 -0200] "GET /phpmyadmin/js/get_scripts.js.php?scripts[]=tbl_structure.js&scripts[]=gis_data_editor.js HTTP/1.1" 200 15188
::1 - - [29/Nov/2017:18:10:06 -0200] "GET /phpmyadmin/index.php?ajax_request=1&recent_table=1&token=eb87da82ffa76b77e935231a78dc7221 HTTP/1.1" 200 221
::1 - - [29/Nov/2017:18:10:08 -0200] "GET /phpmyadmin/tbl_sql.php?db=wda_crud&table=customers&token=eb87da82ffa76b77e935231a78dc7221&ajax_request=true&ajax_page_request=true&menuHashes=cde7a533-84b2f0f7-bbbfbd07-6df178d4-d64484bc-2126332c&_nocache=151198620847697177 HTTP/1.1" 200 8981
::1 - - [29/Nov/2017:18:10:08 -0200] "GET /phpmyadmin/index.php?ajax_request=1&recent_table=1&token=eb87da82ffa76b77e935231a78dc7221 HTTP/1.1" 200 221
::1 - - [29/Nov/2017:18:12:19 -0200] "GET /phpmyadmin/sql.php?server=1&db=wda_crud&table=customers&pos=0&token=eb87da82ffa76b77e935231a78dc7221&ajax_request=true&ajax_page_request=true&menuHashes=cde7a533-84b2f0f7-bbbfbd07-6df178d4-d64484bc-2126332c-8bac9395&_nocache=1511986339226303918 HTTP/1.1" 200 26156
::1 - - [29/Nov/2017:18:12:19 -0200] "GET /phpmyadmin/index.php?ajax_request=1&recent_table=1&token=eb87da82ffa76b77e935231a78dc7221 HTTP/1.1" 200 221
::1 - - [29/Nov/2017:18:17:11 -0200] "GET /phpmyadmin/db_structure.php?server=1&db=wda_crud&token=eb87da82ffa76b77e935231a78dc7221 HTTP/1.1" 200 20596
::1 - - [29/Nov/2017:18:17:12 -0200] "GET /phpmyadmin/js/get_scripts.js.php?scripts[]=jquery/jquery-1.8.3.js&scripts[]=ajax.js&scripts[]=keyhandler.js&scripts[]=jquery/jquery-ui-1.9.2.custom.js&scripts[]=jquery/jquery.sprintf.js&scripts[]=jquery/jquery.cookie.js&scripts[]=jquery/jquery.mousewheel.js&scripts[]=jquery/jquery.event.drag-2.2.js&scripts[]=jquery/jquery-ui-timepicker-addon.js&scripts[]=jquery/jquery.ba-hashchange-1.3.js&scripts[]=jquery/jquery.debounce-1.0.5.js&scripts[]=jquery/jquery.menuResizer-1.0.js&scripts[]=rte.js&scripts[]=functions.js&scripts[]=navigation.js&scripts[]=indexes.js&scripts[]=common.js&scripts[]=db_structure.js&scripts[]=tbl_change.js&scripts[]=codemirror/lib/codemirror.js&scripts[]=codemirror/mode/mysql/mysql.js HTTP/1.1" 200 590944
::1 - - [29/Nov/2017:18:17:12 -0200] "GET /phpmyadmin/js/messages.php?lang=pt&db=wda_crud&token=eb87da82ffa76b77e935231a78dc7221 HTTP/1.1" 200 16496
::1 - - [29/Nov/2017:18:17:15 -0200] "GET /phpmyadmin/db_structure.php?server=1&db=wda_crud&token=eb87da82ffa76b77e935231a78dc7221 HTTP/1.1" 200 20596
::1 - - [29/Nov/2017:18:17:16 -0200] "GET /phpmyadmin/js/messages.php?lang=pt&db=wda_crud&token=eb87da82ffa76b77e935231a78dc7221 HTTP/1.1" 200 18103
::1 - - [29/Nov/2017:18:17:20 -0200] "GET /phpmyadmin/db_structure.php?server=1&db=wda_crud&token=eb87da82ffa76b77e935231a78dc7221 HTTP/1.1" 200 20596
::1 - - [29/Nov/2017:18:17:39 -0200] "GET /phpmyadmin/ HTTP/1.1" 200 48536
::1 - - [29/Nov/2017:18:17:40 -0200] "GET /phpmyadmin/version_check.php?&_nocache=151198666048030040 HTTP/1.1" 200 39
::1 - - [29/Nov/2017:18:17:42 -0200] "GET /phpmyadmin/db_structure.php?server=1&db=wda_crud&token=eb87da82ffa76b77e935231a78dc7221 HTTP/1.1" 200 20596
::1 - - [29/Nov/2017:18:17:45 -0200] "GET /phpmyadmin/db_structure.php?server=1&db=wda_crud&token=eb87da82ffa76b77e935231a78dc7221 HTTP/1.1" 200 20596
::1 - - [29/Nov/2017:18:17:49 -0200] "GET /phpmyadmin/db_structure.php?server=1&db=wda_crud&token=eb87da82ffa76b77e935231a78dc7221 HTTP/1.1" 200 20596
::1 - - [29/Nov/2017:18:18:20 -0200] "GET /phpmyadmin/db_structure.php?server=1&db=wda_crud&token=eb87da82ffa76b77e935231a78dc7221 HTTP/1.1" 200 20596
::1 - - [29/Nov/2017:18:18:21 -0200] "GET /phpmyadmin/db_structure.php?server=1&db=wda_crud&token=eb87da82ffa76b77e935231a78dc7221 HTTP/1.1" 200 20596
