[Wed Nov 29 12:52:26.857421 2017] [mpm_winnt:notice] [pid 6012:tid 396] AH00455: Apache/2.4.6 (Win32) PHP/5.4.17 configured -- resuming normal operations
[Wed Nov 29 12:52:26.857421 2017] [mpm_winnt:notice] [pid 6012:tid 396] AH00456: Apache Lounge VC10 Server built: Jul 16 2013 11:15:41
[Wed Nov 29 12:52:26.857421 2017] [core:notice] [pid 6012:tid 396] AH00094: Command line: 'E:\\Lucas\\TCC (final)/apache2/bin/httpd_usbwv8.exe -d E:/Lucas/TCC (final)/apache2'
[Wed Nov 29 12:52:26.879882 2017] [mpm_winnt:notice] [pid 6012:tid 396] AH00418: Parent: Created child process 2960
[Wed Nov 29 12:52:27.791992 2017] [mpm_winnt:notice] [pid 2960:tid 420] AH00354: Child: Starting 64 worker threads.
[Wed Nov 29 13:14:11.315429 2017] [:error] [pid 2960:tid 948] [client ::1:63000] PHP Warning:  require_once(E:\\Lucas\\TCC (final)\\root\\crud-bootstrap-php/classes/aspersor.php): failed to open stream: No such file or directory in E:\\Lucas\\TCC (final)\\root\\crud-bootstrap-php\\index.php on line 6, referer: http://localhost:8080/
[Wed Nov 29 13:14:11.316406 2017] [:error] [pid 2960:tid 948] [client ::1:63000] PHP Fatal error:  require_once(): Failed opening required 'E:\\Lucas\\TCC (final)\\root\\crud-bootstrap-php/classes/aspersor.php' (include_path='.;C:\\php\\pear') in E:\\Lucas\\TCC (final)\\root\\crud-bootstrap-php\\index.php on line 6, referer: http://localhost:8080/
[Wed Nov 29 13:15:02.805664 2017] [:error] [pid 2960:tid 948] [client ::1:63135] PHP Warning:  require_once(E:\\Lucas\\TCC (final)\\root\\crud-bootstrap-php/classes/aspersor.php): failed to open stream: No such file or directory in E:\\Lucas\\TCC (final)\\root\\crud-bootstrap-php\\index.php on line 6, referer: http://localhost:8080/
[Wed Nov 29 13:15:02.806640 2017] [:error] [pid 2960:tid 948] [client ::1:63135] PHP Fatal error:  require_once(): Failed opening required 'E:\\Lucas\\TCC (final)\\root\\crud-bootstrap-php/classes/aspersor.php' (include_path='.;C:\\php\\pear') in E:\\Lucas\\TCC (final)\\root\\crud-bootstrap-php\\index.php on line 6, referer: http://localhost:8080/
[Wed Nov 29 13:18:13.392578 2017] [:error] [pid 2960:tid 948] [client ::1:63611] PHP Warning:  require_once(E:\\Lucas\\TCC (final)\\root\\crud-bootstrap-php/classes/aspersor.php): failed to open stream: No such file or directory in E:\\Lucas\\TCC (final)\\root\\crud-bootstrap-php\\index.php on line 6, referer: http://localhost:8080/
[Wed Nov 29 13:18:13.392578 2017] [:error] [pid 2960:tid 948] [client ::1:63611] PHP Fatal error:  require_once(): Failed opening required 'E:\\Lucas\\TCC (final)\\root\\crud-bootstrap-php/classes/aspersor.php' (include_path='.;C:\\php\\pear') in E:\\Lucas\\TCC (final)\\root\\crud-bootstrap-php\\index.php on line 6, referer: http://localhost:8080/
[Wed Nov 29 13:18:15.501953 2017] [:error] [pid 2960:tid 948] [client ::1:63611] PHP Warning:  require_once(E:\\Lucas\\TCC (final)\\root\\crud-bootstrap-php/classes/aspersor.php): failed to open stream: No such file or directory in E:\\Lucas\\TCC (final)\\root\\crud-bootstrap-php\\index.php on line 6, referer: http://localhost:8080/
[Wed Nov 29 13:18:15.501953 2017] [:error] [pid 2960:tid 948] [client ::1:63611] PHP Fatal error:  require_once(): Failed opening required 'E:\\Lucas\\TCC (final)\\root\\crud-bootstrap-php/classes/aspersor.php' (include_path='.;C:\\php\\pear') in E:\\Lucas\\TCC (final)\\root\\crud-bootstrap-php\\index.php on line 6, referer: http://localhost:8080/
[Wed Nov 29 13:18:16.072265 2017] [:error] [pid 2960:tid 948] [client ::1:63611] PHP Warning:  require_once(E:\\Lucas\\TCC (final)\\root\\crud-bootstrap-php/classes/aspersor.php): failed to open stream: No such file or directory in E:\\Lucas\\TCC (final)\\root\\crud-bootstrap-php\\index.php on line 6, referer: http://localhost:8080/
[Wed Nov 29 13:18:16.072265 2017] [:error] [pid 2960:tid 948] [client ::1:63611] PHP Fatal error:  require_once(): Failed opening required 'E:\\Lucas\\TCC (final)\\root\\crud-bootstrap-php/classes/aspersor.php' (include_path='.;C:\\php\\pear') in E:\\Lucas\\TCC (final)\\root\\crud-bootstrap-php\\index.php on line 6, referer: http://localhost:8080/
[Wed Nov 29 13:20:16.277343 2017] [:error] [pid 2960:tid 956] [client ::1:63916] PHP Warning:  require_once(classes/aspersor.php): failed to open stream: No such file or directory in E:\\Lucas\\TCC (final)\\root\\crud-bootstrap-php\\index.php on line 6, referer: http://localhost:8080/
[Wed Nov 29 13:20:16.277343 2017] [:error] [pid 2960:tid 956] [client ::1:63916] PHP Fatal error:  require_once(): Failed opening required 'classes/aspersor.php' (include_path='.;C:\\php\\pear') in E:\\Lucas\\TCC (final)\\root\\crud-bootstrap-php\\index.php on line 6, referer: http://localhost:8080/
[Wed Nov 29 13:20:57.524414 2017] [:error] [pid 2960:tid 956] [client ::1:64020] PHP Fatal error:  Class 'Aspersor' not found in E:\\Lucas\\TCC (final)\\root\\crud-bootstrap-php\\index.php on line 10, referer: http://localhost:8080/
[Wed Nov 29 13:21:28.116210 2017] [:error] [pid 2960:tid 956] [client ::1:64097] PHP Fatal error:  Class 'Aspersor' not found in E:\\Lucas\\TCC (final)\\root\\crud-bootstrap-php\\index.php on line 10, referer: http://localhost:8080/
[Wed Nov 29 13:22:10.935546 2017] [:error] [pid 2960:tid 956] [client ::1:64207] PHP Fatal error:  Class 'Aspersor' not found in E:\\Lucas\\TCC (final)\\root\\crud-bootstrap-php\\index.php on line 8, referer: http://localhost:8080/
[Wed Nov 29 13:22:11.569335 2017] [:error] [pid 2960:tid 956] [client ::1:64213] PHP Fatal error:  Class 'Aspersor' not found in E:\\Lucas\\TCC (final)\\root\\crud-bootstrap-php\\index.php on line 8, referer: http://localhost:8080/
[Wed Nov 29 13:22:11.844726 2017] [:error] [pid 2960:tid 956] [client ::1:64213] PHP Fatal error:  Class 'Aspersor' not found in E:\\Lucas\\TCC (final)\\root\\crud-bootstrap-php\\index.php on line 8, referer: http://localhost:8080/
[Wed Nov 29 13:22:12.028320 2017] [:error] [pid 2960:tid 956] [client ::1:64213] PHP Fatal error:  Class 'Aspersor' not found in E:\\Lucas\\TCC (final)\\root\\crud-bootstrap-php\\index.php on line 8, referer: http://localhost:8080/
[Wed Nov 29 13:25:22.401367 2017] [:error] [pid 2960:tid 956] [client ::1:64722] PHP Fatal error:  Class 'Aspersor' not found in E:\\Lucas\\TCC (final)\\root\\crud-bootstrap-php\\index.php on line 8, referer: http://localhost:8080/
[Wed Nov 29 13:25:22.816406 2017] [:error] [pid 2960:tid 956] [client ::1:64722] PHP Fatal error:  Class 'Aspersor' not found in E:\\Lucas\\TCC (final)\\root\\crud-bootstrap-php\\index.php on line 8, referer: http://localhost:8080/
[Wed Nov 29 13:25:24.125976 2017] [:error] [pid 2960:tid 956] [client ::1:64722] PHP Fatal error:  Class 'Aspersor' not found in E:\\Lucas\\TCC (final)\\root\\crud-bootstrap-php\\index.php on line 8, referer: http://localhost:8080/
[Wed Nov 29 13:25:25.910156 2017] [:error] [pid 2960:tid 956] [client ::1:64722] PHP Fatal error:  Class 'Aspersor' not found in E:\\Lucas\\TCC (final)\\root\\crud-bootstrap-php\\index.php on line 8, referer: http://localhost:8080/
[Wed Nov 29 13:27:44.187500 2017] [:error] [pid 2960:tid 948] [client ::1:65118] PHP Fatal error:  Class 'Aspersor' not found in E:\\Lucas\\TCC (final)\\root\\crud-bootstrap-php\\index.php on line 8, referer: http://localhost:8080/
[Wed Nov 29 13:28:20.770507 2017] [:error] [pid 2960:tid 960] [client ::1:65215] PHP Fatal error:  Class 'Aspersor' not found in E:\\Lucas\\TCC (final)\\root\\crud-bootstrap-php\\index.php on line 8, referer: http://localhost:8080/
[Wed Nov 29 13:30:16.213867 2017] [:error] [pid 2960:tid 960] [client ::1:65533] PHP Fatal error:  Class 'Aspersor' not found in E:\\Lucas\\TCC (final)\\root\\crud-bootstrap-php\\index.php on line 8, referer: http://localhost:8080/
[Wed Nov 29 13:30:19.072265 2017] [:error] [pid 2960:tid 960] [client ::1:65533] PHP Fatal error:  Class 'Aspersor' not found in E:\\Lucas\\TCC (final)\\root\\crud-bootstrap-php\\index.php on line 8, referer: http://localhost:8080/
[Wed Nov 29 13:30:19.490234 2017] [:error] [pid 2960:tid 960] [client ::1:65533] PHP Fatal error:  Class 'Aspersor' not found in E:\\Lucas\\TCC (final)\\root\\crud-bootstrap-php\\index.php on line 8, referer: http://localhost:8080/
[Wed Nov 29 13:30:19.710937 2017] [:error] [pid 2960:tid 960] [client ::1:65533] PHP Fatal error:  Class 'Aspersor' not found in E:\\Lucas\\TCC (final)\\root\\crud-bootstrap-php\\index.php on line 8, referer: http://localhost:8080/
[Wed Nov 29 13:30:19.883789 2017] [:error] [pid 2960:tid 960] [client ::1:65533] PHP Fatal error:  Class 'Aspersor' not found in E:\\Lucas\\TCC (final)\\root\\crud-bootstrap-php\\index.php on line 8, referer: http://localhost:8080/
[Wed Nov 29 13:30:20.059570 2017] [:error] [pid 2960:tid 960] [client ::1:65533] PHP Fatal error:  Class 'Aspersor' not found in E:\\Lucas\\TCC (final)\\root\\crud-bootstrap-php\\index.php on line 8, referer: http://localhost:8080/
[Wed Nov 29 13:30:44.962890 2017] [:error] [pid 2960:tid 960] [client ::1:49225] PHP Fatal error:  Class 'Aspersor' not found in E:\\Lucas\\TCC (final)\\root\\crud-bootstrap-php\\index.php on line 8, referer: http://localhost:8080/
[Wed Nov 29 13:30:45.770507 2017] [:error] [pid 2960:tid 960] [client ::1:49225] PHP Fatal error:  Class 'Aspersor' not found in E:\\Lucas\\TCC (final)\\root\\crud-bootstrap-php\\index.php on line 8, referer: http://localhost:8080/
[Wed Nov 29 13:30:47.770507 2017] [:error] [pid 2960:tid 960] [client ::1:49225] PHP Fatal error:  Class 'Aspersor' not found in E:\\Lucas\\TCC (final)\\root\\crud-bootstrap-php\\index.php on line 8, referer: http://localhost:8080/
[Wed Nov 29 13:30:47.980468 2017] [:error] [pid 2960:tid 960] [client ::1:49225] PHP Fatal error:  Class 'Aspersor' not found in E:\\Lucas\\TCC (final)\\root\\crud-bootstrap-php\\index.php on line 8, referer: http://localhost:8080/
[Wed Nov 29 13:30:48.173828 2017] [:error] [pid 2960:tid 960] [client ::1:49225] PHP Fatal error:  Class 'Aspersor' not found in E:\\Lucas\\TCC (final)\\root\\crud-bootstrap-php\\index.php on line 8, referer: http://localhost:8080/
[Wed Nov 29 13:30:48.357421 2017] [:error] [pid 2960:tid 960] [client ::1:49225] PHP Fatal error:  Class 'Aspersor' not found in E:\\Lucas\\TCC (final)\\root\\crud-bootstrap-php\\index.php on line 8, referer: http://localhost:8080/
[Wed Nov 29 13:30:48.534179 2017] [:error] [pid 2960:tid 960] [client ::1:49225] PHP Fatal error:  Class 'Aspersor' not found in E:\\Lucas\\TCC (final)\\root\\crud-bootstrap-php\\index.php on line 8, referer: http://localhost:8080/
[Wed Nov 29 13:30:51.475585 2017] [:error] [pid 2960:tid 956] [client ::1:49241] PHP Fatal error:  Class 'Aspersor' not found in E:\\Lucas\\TCC (final)\\root\\crud-bootstrap-php\\index.php on line 8, referer: http://localhost:8080/
[Wed Nov 29 13:31:01.101562 2017] [:error] [pid 2960:tid 956] [client ::1:49265] PHP Fatal error:  Class 'Aspersor' not found in E:\\Lucas\\TCC (final)\\root\\crud-bootstrap-php\\index.php on line 8, referer: http://localhost:8080/
[Wed Nov 29 13:33:54.087890 2017] [:error] [pid 2960:tid 956] [client ::1:49735] PHP Notice:  Use of undefined constant vazao - assumed 'vazao' in E:\\Lucas\\TCC (final)\\root\\crud-bootstrap-php\\index.php on line 12, referer: http://localhost:8080/
[Wed Nov 29 14:53:52.810546 2017] [:error] [pid 2960:tid 956] [client ::1:61230] PHP Parse error:  syntax error, unexpected '}', expecting ',' or ';' in E:\\Lucas\\TCC (final)\\root\\crud-bootstrap-php\\classes\\aspersor.php on line 16, referer: http://localhost:8080/
[Wed Nov 29 14:54:37.193359 2017] [:error] [pid 2960:tid 956] [client ::1:61333] PHP Notice:  Undefined property: Aspersor::$irrigar in E:\\Lucas\\TCC (final)\\root\\crud-bootstrap-php\\index.php on line 10, referer: http://localhost:8080/
[Wed Nov 29 14:55:36.273437 2017] [:error] [pid 2960:tid 956] [client ::1:61508] PHP Notice:  Undefined variable: irrigando in E:\\Lucas\\TCC (final)\\root\\crud-bootstrap-php\\classes\\aspersor.php on line 12, referer: http://localhost:8080/
[Wed Nov 29 14:55:36.273437 2017] [:error] [pid 2960:tid 956] [client ::1:61508] PHP Fatal error:  Cannot access empty property in E:\\Lucas\\TCC (final)\\root\\crud-bootstrap-php\\classes\\aspersor.php on line 12, referer: http://localhost:8080/
[Wed Nov 29 14:57:19.112304 2017] [:error] [pid 2960:tid 956] [client ::1:61754] PHP Notice:  Undefined variable: irrigando in E:\\Lucas\\TCC (final)\\root\\crud-bootstrap-php\\classes\\aspersor.php on line 12, referer: http://localhost:8080/
[Wed Nov 29 14:57:19.113281 2017] [:error] [pid 2960:tid 956] [client ::1:61754] PHP Fatal error:  Cannot access empty property in E:\\Lucas\\TCC (final)\\root\\crud-bootstrap-php\\classes\\aspersor.php on line 12, referer: http://localhost:8080/
[Wed Nov 29 14:57:22.768554 2017] [:error] [pid 2960:tid 956] [client ::1:61754] PHP Notice:  Undefined variable: irrigando in E:\\Lucas\\TCC (final)\\root\\crud-bootstrap-php\\classes\\aspersor.php on line 12, referer: http://localhost:8080/
[Wed Nov 29 14:57:22.769531 2017] [:error] [pid 2960:tid 956] [client ::1:61754] PHP Fatal error:  Cannot access empty property in E:\\Lucas\\TCC (final)\\root\\crud-bootstrap-php\\classes\\aspersor.php on line 12, referer: http://localhost:8080/
